\BOOKMARK [0][-]{chapter.1}{\376\377\000I\000n\000t\000r\000o\000d\000u\000c\000t\000i\000o\000n}{}% 1
\BOOKMARK [1][-]{section.1.1}{\376\377\000B\000a\000c\000k\000g\000r\000o\000u\000n\000d}{chapter.1}% 2
\BOOKMARK [1][-]{section.1.2}{\376\377\000P\000r\000o\000b\000l\000e\000m\000\040\000S\000t\000a\000t\000e\000m\000e\000n\000t}{chapter.1}% 3
\BOOKMARK [1][-]{section.1.3}{\376\377\000O\000b\000j\000e\000c\000t\000i\000v\000e\000s}{chapter.1}% 4
\BOOKMARK [1][-]{section.1.4}{\376\377\000S\000i\000g\000n\000i\000f\000i\000c\000a\000n\000c\000e\000\040\000o\000f\000\040\000t\000h\000e\000\040\000S\000t\000u\000d\000y}{chapter.1}% 5
\BOOKMARK [1][-]{section.1.5}{\376\377\000T\000h\000e\000s\000i\000s\000\040\000O\000r\000g\000a\000n\000i\000z\000a\000t\000i\000o\000n}{chapter.1}% 6
\BOOKMARK [0][-]{chapter.2}{\376\377\000T\000H\000E\000O\000R\000E\000T\000I\000C\000A\000L\000\040\000B\000A\000C\000K\000G\000R\000O\000U\000N\000D}{}% 7
\BOOKMARK [1][-]{section.2.1}{\376\377\000O\000v\000e\000r\000v\000i\000e\000w}{chapter.2}% 8
\BOOKMARK [1][-]{section.2.2}{\376\377\000M\000a\000c\000h\000i\000n\000e\000\040\000L\000e\000a\000r\000n\000i\000n\000g\000\040\000F\000u\000n\000d\000a\000m\000e\000n\000t\000a\000l\000s}{chapter.2}% 9
\BOOKMARK [2][-]{subsection.2.2.1}{\376\377\000S\000u\000p\000e\000r\000v\000i\000s\000e\000d\000\040\000L\000e\000a\000r\000n\000i\000n\000g}{section.2.2}% 10
\BOOKMARK [1][-]{section.2.3}{\376\377\000F\000e\000a\000t\000u\000r\000e\000\040\000E\000n\000g\000i\000n\000e\000e\000r\000i\000n\000g\000\040\000a\000n\000d\000\040\000S\000e\000l\000e\000c\000t\000i\000o\000n}{chapter.2}% 11
\BOOKMARK [2][-]{subsection.2.3.1}{\376\377\000F\000e\000a\000t\000u\000r\000e\000\040\000E\000n\000g\000i\000n\000e\000e\000r\000i\000n\000g}{section.2.3}% 12
\BOOKMARK [2][-]{subsection.2.3.2}{\376\377\000F\000e\000a\000t\000u\000r\000e\000\040\000S\000e\000l\000e\000c\000t\000i\000o\000n}{section.2.3}% 13
\BOOKMARK [1][-]{section.2.4}{\376\377\000C\000l\000a\000s\000s\000\040\000I\000m\000b\000a\000l\000a\000n\000c\000e\000\040\000H\000a\000n\000d\000l\000i\000n\000g}{chapter.2}% 14
\BOOKMARK [2][-]{subsection.2.4.1}{\376\377\000T\000h\000e\000\040\000I\000m\000b\000a\000l\000a\000n\000c\000e\000\040\000P\000r\000o\000b\000l\000e\000m}{section.2.4}% 15
\BOOKMARK [2][-]{subsection.2.4.2}{\376\377\000S\000M\000O\000T\000E\000\040\000a\000n\000d\000\040\000S\000M\000O\000T\000E\000-\000T\000o\000m\000e\000k}{section.2.4}% 16
\BOOKMARK [1][-]{section.2.5}{\376\377\000C\000l\000a\000s\000s\000i\000f\000i\000c\000a\000t\000i\000o\000n\000\040\000A\000l\000g\000o\000r\000i\000t\000h\000m\000s}{chapter.2}% 17
\BOOKMARK [2][-]{subsection.2.5.1}{\376\377\000L\000o\000g\000i\000s\000t\000i\000c\000\040\000R\000e\000g\000r\000e\000s\000s\000i\000o\000n}{section.2.5}% 18
\BOOKMARK [2][-]{subsection.2.5.2}{\376\377\000S\000u\000p\000p\000o\000r\000t\000\040\000V\000e\000c\000t\000o\000r\000\040\000M\000a\000c\000h\000i\000n\000e\000\040\000\050\000S\000V\000M\000\051}{section.2.5}% 19
\BOOKMARK [2][-]{subsection.2.5.3}{\376\377\000D\000e\000c\000i\000s\000i\000o\000n\000\040\000T\000r\000e\000e}{section.2.5}% 20
\BOOKMARK [2][-]{subsection.2.5.4}{\376\377\000R\000a\000n\000d\000o\000m\000\040\000F\000o\000r\000e\000s\000t}{section.2.5}% 21
\BOOKMARK [2][-]{subsection.2.5.5}{\376\377\000X\000G\000B\000o\000o\000s\000t\000\040\000\050\000e\000X\000t\000r\000e\000m\000e\000\040\000G\000r\000a\000d\000i\000e\000n\000t\000\040\000B\000o\000o\000s\000t\000i\000n\000g\000\051}{section.2.5}% 22
\BOOKMARK [1][-]{section.2.6}{\376\377\000E\000n\000s\000e\000m\000b\000l\000e\000\040\000L\000e\000a\000r\000n\000i\000n\000g}{chapter.2}% 23
\BOOKMARK [2][-]{subsection.2.6.1}{\376\377\000E\000n\000s\000e\000m\000b\000l\000e\000\040\000P\000r\000i\000n\000c\000i\000p\000l\000e\000s}{section.2.6}% 24
\BOOKMARK [2][-]{subsection.2.6.2}{\376\377\000W\000e\000i\000g\000h\000t\000e\000d\000\040\000S\000o\000f\000t\000\040\000V\000o\000t\000i\000n\000g}{section.2.6}% 25
\BOOKMARK [1][-]{section.2.7}{\376\377\000M\000o\000d\000e\000l\000\040\000E\000v\000a\000l\000u\000a\000t\000i\000o\000n\000\040\000M\000e\000t\000r\000i\000c\000s}{chapter.2}% 26
\BOOKMARK [2][-]{subsection.2.7.1}{\376\377\000C\000o\000n\000f\000u\000s\000i\000o\000n\000\040\000M\000a\000t\000r\000i\000x\000\040\000a\000n\000d\000\040\000B\000a\000s\000i\000c\000\040\000M\000e\000t\000r\000i\000c\000s}{section.2.7}% 27
\BOOKMARK [2][-]{subsection.2.7.2}{\376\377\000R\000O\000C\000\040\000a\000n\000d\000\040\000P\000r\000e\000c\000i\000s\000i\000o\000n\000-\000R\000e\000c\000a\000l\000l\000\040\000C\000u\000r\000v\000e\000s}{section.2.7}% 28
\BOOKMARK [1][-]{section.2.8}{\376\377\000M\000o\000d\000e\000l\000\040\000I\000n\000t\000e\000r\000p\000r\000e\000t\000a\000b\000i\000l\000i\000t\000y}{chapter.2}% 29
\BOOKMARK [2][-]{subsection.2.8.1}{\376\377\000I\000m\000p\000o\000r\000t\000a\000n\000c\000e\000\040\000o\000f\000\040\000I\000n\000t\000e\000r\000p\000r\000e\000t\000a\000b\000i\000l\000i\000t\000y}{section.2.8}% 30
\BOOKMARK [2][-]{subsection.2.8.2}{\376\377\000P\000e\000r\000m\000u\000t\000a\000t\000i\000o\000n\000\040\000F\000e\000a\000t\000u\000r\000e\000\040\000I\000m\000p\000o\000r\000t\000a\000n\000c\000e}{section.2.8}% 31
\BOOKMARK [2][-]{subsection.2.8.3}{\376\377\000S\000H\000A\000P\000\040\000\050\000S\000H\000a\000p\000l\000e\000y\000\040\000A\000d\000d\000i\000t\000i\000v\000e\000\040\000e\000x\000P\000l\000a\000n\000a\000t\000i\000o\000n\000s\000\051}{section.2.8}% 32
\BOOKMARK [1][-]{section.2.9}{\376\377\000H\000y\000p\000e\000r\000p\000a\000r\000a\000m\000e\000t\000e\000r\000\040\000O\000p\000t\000i\000m\000i\000z\000a\000t\000i\000o\000n}{chapter.2}% 33
\BOOKMARK [2][-]{subsection.2.9.1}{\376\377\000G\000r\000i\000d\000\040\000S\000e\000a\000r\000c\000h\000\040\000w\000i\000t\000h\000\040\000C\000r\000o\000s\000s\000-\000V\000a\000l\000i\000d\000a\000t\000i\000o\000n}{section.2.9}% 34
\BOOKMARK [2][-]{subsection.2.9.2}{\376\377\000C\000r\000o\000s\000s\000-\000V\000a\000l\000i\000d\000a\000t\000i\000o\000n\000\040\000P\000r\000o\000t\000o\000c\000o\000l}{section.2.9}% 35
\BOOKMARK [1][-]{section.2.10}{\376\377\000D\000a\000t\000a\000\040\000L\000e\000a\000k\000a\000g\000e\000\040\000P\000r\000e\000v\000e\000n\000t\000i\000o\000n}{chapter.2}% 36
\BOOKMARK [2][-]{subsection.2.10.1}{\376\377\000D\000e\000f\000i\000n\000i\000t\000i\000o\000n\000\040\000a\000n\000d\000\040\000S\000o\000u\000r\000c\000e\000s}{section.2.10}% 37
\BOOKMARK [2][-]{subsection.2.10.2}{\376\377\000C\000o\000r\000r\000e\000c\000t\000\040\000P\000r\000o\000t\000o\000c\000o\000l}{section.2.10}% 38
\BOOKMARK [1][-]{section.2.11}{\376\377\000B\000i\000n\000a\000r\000y\000\040\000C\000l\000a\000s\000s\000i\000f\000i\000c\000a\000t\000i\000o\000n\000\040\000F\000o\000r\000m\000u\000l\000a\000t\000i\000o\000n}{chapter.2}% 39
\BOOKMARK [2][-]{subsection.2.11.1}{\376\377\000P\000r\000o\000b\000l\000e\000m\000\040\000D\000e\000f\000i\000n\000i\000t\000i\000o\000n}{section.2.11}% 40
\BOOKMARK [2][-]{subsection.2.11.2}{\376\377\000D\000e\000c\000i\000s\000i\000o\000n\000\040\000T\000h\000r\000e\000s\000h\000o\000l\000d\000\040\000a\000n\000d\000\040\000C\000a\000l\000i\000b\000r\000a\000t\000i\000o\000n}{section.2.11}% 41
\BOOKMARK [1][-]{section.2.12}{\376\377\000C\000h\000a\000p\000t\000e\000r\000\040\000S\000u\000m\000m\000a\000r\000y}{chapter.2}% 42
\BOOKMARK [1][-]{section.2.13}{\376\377\000C\000h\000a\000p\000t\000e\000r\000\040\000S\000u\000m\000m\000a\000r\000y}{chapter.2}% 43
\BOOKMARK [0][-]{chapter.3}{\376\377\000L\000i\000t\000e\000r\000a\000t\000u\000r\000e\000\040\000R\000e\000v\000i\000e\000w}{}% 44
\BOOKMARK [1][-]{section.3.1}{\376\377\000A\000n\000t\000i\000m\000i\000c\000r\000o\000b\000i\000a\000l\000\040\000R\000e\000s\000i\000s\000t\000a\000n\000c\000e\000\040\000O\000v\000e\000r\000v\000i\000e\000w}{chapter.3}% 45
\BOOKMARK [1][-]{section.3.2}{\376\377\000M\000a\000c\000h\000i\000n\000e\000\040\000L\000e\000a\000r\000n\000i\000n\000g\000\040\000i\000n\000\040\000G\000e\000n\000o\000m\000i\000c\000s}{chapter.3}% 46
\BOOKMARK [1][-]{section.3.3}{\376\377\000R\000e\000l\000a\000t\000e\000d\000\040\000W\000o\000r\000k\000s}{chapter.3}% 47
\BOOKMARK [0][-]{chapter.4}{\376\377\000M\000e\000t\000h\000o\000d\000o\000l\000o\000g\000y}{}% 48
\BOOKMARK [1][-]{section.4.1}{\376\377\000O\000v\000e\000r\000v\000i\000e\000w}{chapter.4}% 49
\BOOKMARK [1][-]{section.4.2}{\376\377\000D\000a\000t\000a\000s\000e\000t\000\040\000C\000o\000l\000l\000e\000c\000t\000i\000o\000n\000\040\000a\000n\000d\000\040\000P\000r\000e\000p\000r\000o\000c\000e\000s\000s\000i\000n\000g}{chapter.4}% 50
\BOOKMARK [2][-]{subsection.4.2.1}{\376\377\000D\000a\000t\000a\000\040\000S\000o\000u\000r\000c\000e}{section.4.2}% 51
\BOOKMARK [2][-]{subsection.4.2.2}{\376\377\000B\000i\000n\000a\000r\000y\000\040\000G\000e\000n\000e\000\040\000M\000a\000t\000r\000i\000x\000\040\000C\000o\000n\000s\000t\000r\000u\000c\000t\000i\000o\000n}{section.4.2}% 52
\BOOKMARK [1][-]{section.4.3}{\376\377\000F\000e\000a\000t\000u\000r\000e\000\040\000E\000n\000g\000i\000n\000e\000e\000r\000i\000n\000g}{chapter.4}% 53
\BOOKMARK [2][-]{subsection.4.3.1}{\376\377\000R\000e\000s\000i\000s\000t\000a\000n\000c\000e\000\040\000G\000e\000n\000e\000\040\000L\000o\000a\000d\000\040\000S\000c\000o\000r\000e\000\040\000\050\000R\000-\000S\000c\000o\000r\000e\000\051}{section.4.3}% 54
\BOOKMARK [2][-]{subsection.4.3.2}{\376\377\000J\000u\000s\000t\000i\000f\000i\000c\000a\000t\000i\000o\000n\000\040\000a\000n\000d\000\040\000I\000m\000p\000a\000c\000t\000\040\000A\000n\000a\000l\000y\000s\000i\000s}{section.4.3}% 55
\BOOKMARK [1][-]{section.4.4}{\376\377\000F\000e\000a\000t\000u\000r\000e\000\040\000S\000e\000l\000e\000c\000t\000i\000o\000n}{chapter.4}% 56
\BOOKMARK [2][-]{subsection.4.4.1}{\376\377\000S\000t\000a\000g\000e\000\040\0001\000:\000\040\000A\000N\000O\000V\000A\000\040\000F\000-\000t\000e\000s\000t}{section.4.4}% 57
\BOOKMARK [2][-]{subsection.4.4.2}{\376\377\000S\000t\000a\000g\000e\000\040\0002\000:\000\040\000X\000G\000B\000o\000o\000s\000t\000\040\000I\000m\000p\000o\000r\000t\000a\000n\000c\000e}{section.4.4}% 58
\BOOKMARK [2][-]{subsection.4.4.3}{\376\377\000F\000i\000n\000a\000l\000\040\000F\000e\000a\000t\000u\000r\000e\000\040\000S\000e\000t}{section.4.4}% 59
\BOOKMARK [1][-]{section.4.5}{\376\377\000C\000l\000a\000s\000s\000\040\000I\000m\000b\000a\000l\000a\000n\000c\000e\000\040\000H\000a\000n\000d\000l\000i\000n\000g}{chapter.4}% 60
\BOOKMARK [2][-]{subsection.4.5.1}{\376\377\000R\000e\000s\000a\000m\000p\000l\000i\000n\000g\000\040\000S\000t\000r\000a\000t\000e\000g\000y}{section.4.5}% 61
\BOOKMARK [1][-]{section.4.6}{\376\377\000M\000o\000d\000e\000l\000\040\000T\000r\000a\000i\000n\000i\000n\000g\000\040\000a\000n\000d\000\040\000E\000n\000s\000e\000m\000b\000l\000e\000\040\000C\000o\000n\000s\000t\000r\000u\000c\000t\000i\000o\000n}{chapter.4}% 62
\BOOKMARK [2][-]{subsection.4.6.1}{\376\377\000B\000a\000s\000e\000\040\000M\000o\000d\000e\000l\000s}{section.4.6}% 63
\BOOKMARK [2][-]{subsection.4.6.2}{\376\377\000R\000-\000B\000l\000e\000n\000d\000\040\000E\000n\000s\000e\000m\000b\000l\000e}{section.4.6}% 64
\BOOKMARK [1][-]{section.4.7}{\376\377\000E\000v\000a\000l\000u\000a\000t\000i\000o\000n\000\040\000M\000e\000t\000r\000i\000c\000s}{chapter.4}% 65
\BOOKMARK [1][-]{section.4.8}{\376\377\000M\000o\000d\000e\000l\000\040\000I\000n\000t\000e\000r\000p\000r\000e\000t\000a\000b\000i\000l\000i\000t\000y\000\040\000a\000n\000d\000\040\000E\000x\000p\000l\000a\000i\000n\000a\000b\000i\000l\000i\000t\000y}{chapter.4}% 66
\BOOKMARK [2][-]{subsection.4.8.1}{\376\377\000P\000e\000r\000m\000u\000t\000a\000t\000i\000o\000n\000\040\000I\000m\000p\000o\000r\000t\000a\000n\000c\000e}{section.4.8}% 67
\BOOKMARK [2][-]{subsection.4.8.2}{\376\377\000S\000H\000A\000P\000\040\000V\000a\000l\000u\000e\000s}{section.4.8}% 68
\BOOKMARK [2][-]{subsection.4.8.3}{\376\377\000E\000n\000s\000e\000m\000b\000l\000e\000\040\000S\000H\000A\000P\000\040\000A\000g\000g\000r\000e\000g\000a\000t\000i\000o\000n}{section.4.8}% 69
\BOOKMARK [1][-]{section.4.9}{\376\377\000E\000x\000p\000e\000r\000i\000m\000e\000n\000t\000a\000l\000\040\000D\000e\000s\000i\000g\000n\000\040\000a\000n\000d\000\040\000V\000a\000l\000i\000d\000a\000t\000i\000o\000n}{chapter.4}% 70
\BOOKMARK [1][-]{section.4.10}{\376\377\000I\000m\000p\000l\000e\000m\000e\000n\000t\000a\000t\000i\000o\000n}{chapter.4}% 71
\BOOKMARK [0][-]{chapter.5}{\376\377\000R\000e\000s\000u\000l\000t\000s}{}% 72
\BOOKMARK [1][-]{section.5.1}{\376\377\000D\000e\000s\000c\000r\000i\000p\000t\000i\000v\000e\000\040\000S\000t\000a\000t\000i\000s\000t\000i\000c\000s}{chapter.5}% 73
\BOOKMARK [1][-]{section.5.2}{\376\377\000M\000o\000d\000e\000l\000\040\000P\000e\000r\000f\000o\000r\000m\000a\000n\000c\000e}{chapter.5}% 74
\BOOKMARK [1][-]{section.5.3}{\376\377\000F\000e\000a\000t\000u\000r\000e\000\040\000I\000m\000p\000o\000r\000t\000a\000n\000c\000e}{chapter.5}% 75
\BOOKMARK [0][-]{chapter.6}{\376\377\000D\000i\000s\000c\000u\000s\000s\000i\000o\000n}{}% 76
\BOOKMARK [1][-]{section.6.1}{\376\377\000I\000n\000t\000e\000r\000p\000r\000e\000t\000a\000t\000i\000o\000n\000\040\000o\000f\000\040\000F\000i\000n\000d\000i\000n\000g\000s}{chapter.6}% 77
\BOOKMARK [1][-]{section.6.2}{\376\377\000C\000o\000m\000p\000a\000r\000i\000s\000o\000n\000\040\000w\000i\000t\000h\000\040\000P\000r\000e\000v\000i\000o\000u\000s\000\040\000S\000t\000u\000d\000i\000e\000s}{chapter.6}% 78
\BOOKMARK [1][-]{section.6.3}{\376\377\000L\000i\000m\000i\000t\000a\000t\000i\000o\000n\000s}{chapter.6}% 79
\BOOKMARK [0][-]{chapter.7}{\376\377\000C\000o\000n\000c\000l\000u\000s\000i\000o\000n\000\040\000a\000n\000d\000\040\000F\000u\000t\000u\000r\000e\000\040\000W\000o\000r\000k}{}% 80
\BOOKMARK [1][-]{section.7.1}{\376\377\000C\000o\000n\000c\000l\000u\000s\000i\000o\000n}{chapter.7}% 81
\BOOKMARK [1][-]{section.7.2}{\376\377\000F\000u\000t\000u\000r\000e\000\040\000R\000e\000s\000e\000a\000r\000c\000h\000\040\000D\000i\000r\000e\000c\000t\000i\000o\000n\000s}{chapter.7}% 82
\BOOKMARK [0][-]{appendix.A}{\376\377\000A\000p\000p\000e\000n\000d\000i\000x\000\040\000A}{}% 83
\BOOKMARK [0][-]{appendix.B}{\376\377\000A\000p\000p\000e\000n\000d\000i\000x\000\040\000B}{}% 84
